C51 COMPILER V9.00   SEG                                                                   04/17/2023 23:47:13 PAGE 1   


C51 COMPILER V9.00, COMPILATION OF MODULE SEG
OBJECT MODULE PLACED IN seg.OBJ
COMPILER INVOKED BY: G:\Keil\C51\BIN\C51.EXE seg.c BROWSE DEBUG OBJECTEXTEND

line level    source

   1          //seg.c
   2          #include"REG51.h"
   3          #include"intrins.h"
   4          #include "stdio.h"
   5          #include "seg.h"
   6          
   7          unsigned char code display_code[]={'S',0x92,' ',0xff,'0',0xc0,'1',0xf9,'2',0xa4,'3',0xb0,'4',0x99,'5',0x92
             -,'6',0x82,'7',0xf8,'8',0x80,'9',0x90,'-',0xbf};
   8          
   9          void SEG_refresh(unsigned char *p)
  10          {
  11   1              static char x=0xfe;        // 1111 1110
  12   1              static unsigned int i=0;
  13   1      
  14   1              P2=0xff;
  15   1              P0=x;
  16   1              P2=p[i];
  17   1              x=_crol_(x,1);
  18   1              i++;
  19   1              if(i==8)  i=0;
  20   1      
  21   1      }
  22          
  23          void char_to_code(unsigned char *p,unsigned char *q)     //     display_char是p,display_dat是q
  24          {
  25   1              unsigned int i,j,k;
  26   1              for(k=0,j=0;k<8;j++,k++)
  27   1              {
  28   2                        for(i=0;i<13;i++)
  29   2                        {
  30   3                              if(p[j]==display_code[2*i])
  31   3                              {
  32   4                                      q[k]=display_code[2*i+1];
  33   4                                      break;
  34   4                              }
  35   3                              if(p[j+1]=='.')
  36   3                              {
  37   4                                      q[k]=q[k] & 0x7f;//将最高位置为0，即显示小数点            
  38   4                                      j++;
  39   4                              }
  40   3                        }
  41   2              }
  42   1      }


MODULE INFORMATION:   STATIC OVERLAYABLE
   CODE SIZE        =    233    ----
   CONSTANT SIZE    =     26    ----
   XDATA SIZE       =   ----    ----
   PDATA SIZE       =   ----    ----
   DATA SIZE        =      3      12
   IDATA SIZE       =   ----    ----
   BIT SIZE         =   ----    ----
END OF MODULE INFORMATION.


C51 COMPILATION COMPLETE.  0 WARNING(S),  0 ERROR(S)
