C51 COMPILER V9.00   MAIN                                                                  04/16/2023 16:56:58 PAGE 1   


C51 COMPILER V9.00, COMPILATION OF MODULE MAIN
OBJECT MODULE PLACED IN main.OBJ
COMPILER INVOKED BY: G:\Keil\C51\BIN\C51.EXE main.c BROWSE DEBUG OBJECTEXTEND

line level    source

   1          //1.c
   2          #include"REG51.h"
   3          #include"intrins.h"
   4          #include "stdio.h"
   5          #include "seg.h"
   6          
   7          void seg_pro();
   8          void led();
   9          
  10          char hour=9,min=31,sec=55;
  11          int year =2023;
  12          char month=1,day=12; 
  13          char display_dat[8];
  14          char display_char[10];
  15          unsigned char flag_mode=0;//界面显示模式：0为日期和时间交替显示界面，1为调整小时界面，2为调整分钟界面
  16          bit  flag_dayORtime=0;  //日期和时间模式标志
  17          
  18          bit  flag_minute=0;     //整分到标志
  19          bit  flag_200ms=0;      //0.2s到标志
  20          unsigned char LED_count=0,LED_data=0xfe;
  21          
  22          void main()
  23          {
  24   1              unsigned int m;
  25   1              sprintf(display_char,"%02d-%02d-%02d",(int)hour,(int)min,(int)sec);              
  26   1              char_to_code(display_char,display_dat);
  27   1      
  28   1              TMOD=0x01;
  29   1              TH0=0XFC;
  30   1              TL0=0X18;
  31   1              TR0=1;
  32   1              ET0=1;
  33   1              EA=1;
  34   1              
  35   1              while(1)
  36   1              {
  37   2                      seg_pro();
  38   2                      led();
  39   2                      //SEG_refresh(display_dat);
  40   2                      //for(m=0;m<500;m++);      
  41   2              }
  42   1      }
*** WARNING C280 IN LINE 24 OF MAIN.C: 'm': unreferenced local variable
  43          
  44          void timer0() interrupt 1
  45          {       
  46   1              
  47   1              static unsigned int times=0;
  48   1              TH0=0XFC;
  49   1              TL0=0X18;
  50   1              times++;
  51   1              SEG_refresh(display_dat);
  52   1              if(times==3000)
  53   1              {
  54   2                      flag_dayORtime= ~flag_dayORtime;
C51 COMPILER V9.00   MAIN                                                                  04/16/2023 16:56:58 PAGE 2   

  55   2                      times=0;
  56   2              }
  57   1              if(times%1000==0)        //1秒
  58   1              {
  59   2                      if(++sec==60)
  60   2                      {
  61   3                              flag_minute=1;
  62   3                              sec=0;
  63   3                              if(++min==0)
  64   3                              {
  65   4                                      min=0;
  66   4                                      if(++hour==24) hour=0;
  67   4                              }
  68   3                      }
  69   2              }
  70   1      
  71   1              if(times%200==0)           //0.2秒到――流水灯操作
  72   1                      flag_200ms=1;      //置0.2秒到标志位，在led_pro函数中处理
  73   1      
  74   1      }
  75          
  76          //数码管界面显示
  77          void seg_pro()           
  78          {       
  79   1              if(flag_mode==0) //日期和时间交替显示模式
  80   1              {
  81   2                      if(!flag_dayORtime)//时间显示模式
  82   2                      {               
  83   3                              sprintf(display_char,"%02d-%02d-%02d",(int)hour,(int)min,(int)sec);
  84   3                              char_to_code(display_char,display_dat);
  85   3                      }
  86   2                      else//日期显示模式
  87   2                      {
  88   3                              sprintf(display_char,"%4d%02d%02d",(int)year,(int)month,(int)day);
  89   3                              char_to_code(display_char,display_dat);
  90   3                      }
  91   2              }
  92   1              else if(flag_mode==1)//调整小时模式
  93   1              {
  94   2                      sprintf(display_char,"S1    %02d",(int)hour);
  95   2                      char_to_code(display_char,display_dat);
  96   2              }
  97   1              else if(flag_mode==2)//调整分钟模式
  98   1              {
  99   2                      sprintf(display_char,"S2    %02d",(int)min);
 100   2                      char_to_code(display_char,display_dat);
 101   2              }
 102   1      }
 103          
 104          //LED小灯
 105          void led()
 106          {
 107   1              if(flag_200ms)   //0.2秒到
 108   1              {
 109   2                      flag_200ms=0;   //清0.2秒标志
 110   2                      if(flag_minute) //判断是否要流水
 111   2                      {
 112   3                              P1=LED_data;
 113   3                              LED_data=_crol_(LED_data,1);
 114   3                              if(++LED_count==17)     //次数达到16，也就是两轮流水
 115   3                              {
 116   4                                      flag_minute=0;   //关闭整分标志
C51 COMPILER V9.00   MAIN                                                                  04/16/2023 16:56:58 PAGE 3   

 117   4                                      LED_count=0;     //清除流水次数
 118   4                                      P1=0xff;                //关闭LED灯
 119   4                              }
 120   3                      }
 121   2              }
 122   1      }


MODULE INFORMATION:   STATIC OVERLAYABLE
   CODE SIZE        =    444    ----
   CONSTANT SIZE    =     49    ----
   XDATA SIZE       =   ----    ----
   PDATA SIZE       =   ----    ----
   DATA SIZE        =     30       2
   IDATA SIZE       =   ----    ----
   BIT SIZE         =      3    ----
END OF MODULE INFORMATION.


C51 COMPILATION COMPLETE.  1 WARNING(S),  0 ERROR(S)
