C51 COMPILER V9.00   KEY                                                                   05/02/2023 13:59:18 PAGE 1   


C51 COMPILER V9.00, COMPILATION OF MODULE KEY
OBJECT MODULE PLACED IN key.OBJ
COMPILER INVOKED BY: G:\Keil\C51\BIN\C51.EXE key.c BROWSE DEBUG OBJECTEXTEND

line level    source

   1          #include<reg51.h>
   2          #include <intrins.h>
   3          unsigned char key_can()
   4          {
   5   1         unsigned char i,n=0xfe;
   6   1         for(i=0;i<4;i++)
   7   1         {
   8   2              P3=n;
   9   2                      if(P3!=n)
  10   2                              switch(P3)
  11   2                              {
  12   3                                      case 0x7e:return 1;
  13   3                                      case 0x7d:return 2;
  14   3                                      case 0x7b:return 3;
  15   3                              }
  16   2                      n=_crol_(n,1);
  17   2         }
  18   1         return 0x00;
  19   1      }


MODULE INFORMATION:   STATIC OVERLAYABLE
   CODE SIZE        =     61    ----
   CONSTANT SIZE    =   ----    ----
   XDATA SIZE       =   ----    ----
   PDATA SIZE       =   ----    ----
   DATA SIZE        =   ----       2
   IDATA SIZE       =   ----    ----
   BIT SIZE         =   ----    ----
END OF MODULE INFORMATION.


C51 COMPILATION COMPLETE.  0 WARNING(S),  0 ERROR(S)
