C51 COMPILER V9.00   MAIN                                                                  05/02/2023 13:59:18 PAGE 1   


C51 COMPILER V9.00, COMPILATION OF MODULE MAIN
OBJECT MODULE PLACED IN main.OBJ
COMPILER INVOKED BY: G:\Keil\C51\BIN\C51.EXE main.c BROWSE DEBUG OBJECTEXTEND

line level    source

   1          //main.c
   2          #include "REG51.h"
   3          #include "intrins.h"
   4          #include "stdio.h"
   5          #include "seg.h"
   6          
   7          void seg_pro();
   8          void led();
   9          void key_pro();
  10          
  11          char hour=9,min=31,sec=55;
  12          int year =2023;
  13          char month=1,day=12; 
  14          char display_dat[8];
  15          char display_char[10];
  16          unsigned char flag_mode=0;//界面显示模式：0为日期和时间交替显示界面，1为调整小时界面，2为调整分钟界面
  17          bit  flag_dayORtime=0;  //日期和时间模式标志
  18          
  19          bit  flag_minute=0;     //整分到标志
  20          bit  flag_200ms=0;      //0.2s到标志
  21          unsigned char LED_count=0,LED_data=0xfe;
  22          
  23          unsigned char key_new,key_old=0;
  24          
  25          void main()
  26          {
  27   1              sprintf(display_char,"%02d-%02d-%02d",(int)hour,(int)min,(int)sec);              
  28   1              char_to_code(display_char,display_dat);
  29   1      
  30   1              TMOD=0x01;
  31   1              TH0=0XFC;
  32   1              TL0=0X18;
  33   1              TR0=1;
  34   1              ET0=1;
  35   1              EA=1;
  36   1              
  37   1              while(1)
  38   1              {
  39   2                      seg_pro();
  40   2                      led();  
  41   2                      key_pro();
  42   2              }
  43   1      }
  44          
  45          void timer0() interrupt 1
  46          {       
  47   1              
  48   1              static unsigned int times=0;
  49   1              TH0=0XFC;
  50   1              TL0=0X18;
  51   1              times++;
  52   1              SEG_refresh(display_dat);
  53   1              if(times==3000)
  54   1              {
  55   2                      flag_dayORtime= ~flag_dayORtime;
C51 COMPILER V9.00   MAIN                                                                  05/02/2023 13:59:18 PAGE 2   

  56   2                      times=0;
  57   2              }
  58   1              if(times%1000==0)        //1秒
  59   1              {
  60   2                      if(++sec==60)
  61   2                      {
  62   3                              flag_minute=1;
  63   3                              sec=0;
  64   3                              if(++min==0)
  65   3                              {
  66   4                                      min=0;
  67   4                                      if(++hour==24) hour=0;
  68   4                              }
  69   3                      }
  70   2              }
  71   1      
  72   1              if(times%200==0)           //0.2秒到――流水灯操作
  73   1                      flag_200ms=1;      //置0.2秒到标志位，在led_pro函数中处理
  74   1      
  75   1      }
  76          
  77          //数码管界面显示
  78          void seg_pro()           
  79          {       
  80   1              if(flag_mode==0) //日期和时间交替显示模式
  81   1              {
  82   2                      if(!flag_dayORtime)//时间显示模式
  83   2                      {               
  84   3                              sprintf(display_char,"%02d-%02d-%02d",(int)hour,(int)min,(int)sec);
  85   3                              char_to_code(display_char,display_dat);
  86   3                      }
  87   2                      else//日期显示模式
  88   2                      {
  89   3                              sprintf(display_char,"%4d%02d%02d",(int)year,(int)month,(int)day);
  90   3                              char_to_code(display_char,display_dat);
  91   3                      }
  92   2              }
  93   1              else if(flag_mode==1)//调整小时模式
  94   1              {
  95   2                      sprintf(display_char,"S1    %02d",(int)hour);
  96   2                      char_to_code(display_char,display_dat);
  97   2              }
  98   1              else if(flag_mode==2)//调整分钟模式
  99   1              {
 100   2                      sprintf(display_char,"S2    %02d",(int)min);
 101   2                      char_to_code(display_char,display_dat);
 102   2              }
 103   1      }
 104          
 105          //LED小灯
 106          void led()
 107          {
 108   1              if(flag_200ms)   //0.2秒到
 109   1              {
 110   2                      flag_200ms=0;   //清0.2秒标志
 111   2                      if(flag_minute) //判断是否要流水
 112   2                      {
 113   3                              P1=LED_data;
 114   3                              LED_data=_crol_(LED_data,1);
 115   3                              if(++LED_count==17)     //次数达到16，也就是两轮流水
 116   3                              {
 117   4                                      flag_minute=0;   //关闭整分标志
C51 COMPILER V9.00   MAIN                                                                  05/02/2023 13:59:18 PAGE 3   

 118   4                                      LED_count=0;     //清除流水次数
 119   4                                      P1=0xff;                //关闭LED灯
 120   4                              }
 121   3                      }
 122   2              }
 123   1      }
 124          
 125          /*
 126          按键处理函数
 127          */
 128          void key_pro()
 129          { 
 130   1              key_new=key_can();  //获取按键定义值
 131   1              switch((key_new ^ key_old) & key_new)//下降沿判断按键
 132   1              {
 133   2                      case 1://按下S1
 134   2                              if(++flag_mode==3) flag_mode=0;    
 135   2                                      break;
 136   2                      case 2: //按下S2
 137   2                              if(flag_mode==1)  //如果是小时调整界面，就将小时增加 
 138   2                              {
 139   3                                      if(++hour==24) hour=0;
 140   3                              }
 141   2                              else if(flag_mode==2)  //如果是分钟调整界面，就将分钟增加
 142   2                              {
 143   3                                      if(++min==60) min=0;
 144   3                              }  
 145   2                              break;
 146   2                      case 3:  //按下S3
 147   2                              if(flag_mode==1) //如果是小时调整界面，就将小时减小
 148   2                              {
 149   3                                      if(--hour==-1) hour=23;
 150   3                              }
 151   2                              else if(flag_mode==2)//如果是分钟调整界面，就将分钟减小
 152   2                              {
 153   3                                      if(--min==-1) min=59;
 154   3                              }
 155   2                              break;
 156   2              }
 157   1              key_old=key_new;         
 158   1      }
 159          


MODULE INFORMATION:   STATIC OVERLAYABLE
   CODE SIZE        =    552    ----
   CONSTANT SIZE    =     49    ----
   XDATA SIZE       =   ----    ----
   PDATA SIZE       =   ----    ----
   DATA SIZE        =     32    ----
   IDATA SIZE       =   ----    ----
   BIT SIZE         =      3    ----
END OF MODULE INFORMATION.


C51 COMPILATION COMPLETE.  0 WARNING(S),  0 ERROR(S)
