C51 COMPILER V9.00   MAIN                                                                  05/02/2023 10:49:20 PAGE 1   


C51 COMPILER V9.00, COMPILATION OF MODULE MAIN
OBJECT MODULE PLACED IN main.OBJ
COMPILER INVOKED BY: G:\Keil\C51\BIN\C51.EXE main.c BROWSE DEBUG OBJECTEXTEND

line level    source

   1          //1.c
   2          #include"REG51.h"
   3          #include"intrins.h"
   4          #include "stdio.h"
   5          
   6          #include "seg.h"
   7          
   8          unsigned char key_can();
   9          void seg_pro();
  10          void led();
  11          void key_pro();
  12          
  13          char hour=9,min=31,sec=55;
  14          int year =2023;
  15          char month=1,day=12; 
  16          char display_dat[8];
  17          char display_char[10];
  18          unsigned char flag_mode=0;//界面显示模式：0为日期和时间交替显示界面，1为调整小时界面，2为调整分钟界面
  19          bit  flag_dayORtime=0;  //日期和时间模式标志
  20          
  21          bit  flag_minute=0;     //整分到标志
  22          bit  flag_200ms=0;      //0.2s到标志
  23          unsigned char LED_count=0,LED_data=0xfe;
  24          
  25          unsigned char key_new,key_old=0;
  26          
  27          void main()
  28          {
  29   1              sprintf(display_char,"%02d-%02d-%02d",(int)hour,(int)min,(int)sec);              
  30   1              char_to_code(display_char,display_dat);
  31   1      
  32   1              TMOD=0x01;
  33   1              TH0=0XFC;
  34   1              TL0=0X18;
  35   1              TR0=1;
  36   1              ET0=1;
  37   1              EA=1;
  38   1              
  39   1              while(1)
  40   1              {
  41   2                      seg_pro();
  42   2                      led();
  43   2                      key_pro();   
  44   2              }
  45   1      }
  46          
  47          void timer0() interrupt 1
  48          {       
  49   1              
  50   1              static unsigned int times=0;
  51   1              TH0=0XFC;
  52   1              TL0=0X18;
  53   1              times++;
  54   1              SEG_refresh(display_dat);
  55   1              if(times==3000)
C51 COMPILER V9.00   MAIN                                                                  05/02/2023 10:49:20 PAGE 2   

  56   1              {
  57   2                      flag_dayORtime= ~flag_dayORtime;
  58   2                      times=0;
  59   2              }
  60   1              if(times%1000==0)        //1秒
  61   1              {
  62   2                      if(++sec==60)
  63   2                      {
  64   3                              flag_minute=1;
  65   3                              sec=0;
  66   3                              if(++min==0)
  67   3                              {
  68   4                                      min=0;
  69   4                                      if(++hour==24) hour=0;
  70   4                              }
  71   3                      }
  72   2              }
  73   1      
  74   1              if(times%200==0)           //0.2秒到――流水灯操作
  75   1                      flag_200ms=1;      //置0.2秒到标志位，在led_pro函数中处理
  76   1      
  77   1      }
  78          
  79          //数码管界面显示
  80          void seg_pro()           
  81          {       
  82   1              if(flag_mode==0) //日期和时间交替显示模式
  83   1              {
  84   2                      if(!flag_dayORtime)//时间显示模式
  85   2                      {               
  86   3                              sprintf(display_char,"%02d-%02d-%02d",(int)hour,(int)min,(int)sec);
  87   3                              char_to_code(display_char,display_dat);
  88   3                      }
  89   2                      else//日期显示模式
  90   2                      {
  91   3                              sprintf(display_char,"%4d%02d%02d",(int)year,(int)month,(int)day);
  92   3                              char_to_code(display_char,display_dat);
  93   3                      }
  94   2              }
  95   1              else if(flag_mode==1)//调整小时模式
  96   1              {
  97   2                      sprintf(display_char,"S1    %02d",(int)hour);
  98   2                      char_to_code(display_char,display_dat);
  99   2              }
 100   1              else if(flag_mode==2)//调整分钟模式
 101   1              {
 102   2                      sprintf(display_char,"S2    %02d",(int)min);
 103   2                      char_to_code(display_char,display_dat);
 104   2              }
 105   1      }
 106          
 107          //LED小灯
 108          void led()
 109          {
 110   1              if(flag_200ms)   //0.2秒到
 111   1              {
 112   2                      flag_200ms=0;   //清0.2秒标志
 113   2                      if(flag_minute) //判断是否要流水
 114   2                      {
 115   3                              P1=LED_data;
 116   3                              LED_data=_crol_(LED_data,1);
 117   3                              if(++LED_count==17)     //次数达到16，也就是两轮流水
C51 COMPILER V9.00   MAIN                                                                  05/02/2023 10:49:20 PAGE 3   

 118   3                              {
 119   4                                      flag_minute=0;   //关闭整分标志
 120   4                                      LED_count=0;     //清除流水次数
 121   4                                      P1=0xff;                //关闭LED灯
 122   4                              }
 123   3                      }
 124   2              }
 125   1      }
 126          
 127          
 128          //按键处理函数
 129          void key_pro()
 130          { 
 131   1              key_new=key_can();  //获取按键定义值
 132   1              switch((key_new ^ key_old) & key_new)//下降沿判断按键
 133   1              {
 134   2                      case 1://按下S1
 135   2                              if(++flag_mode==3) flag_mode=0;    
 136   2                                      break;
 137   2                      case 2: //按下S2
 138   2                              if(flag_mode==1)  //如果是小时调整界面，就将小时增加 
 139   2                              {
 140   3                                      if(++hour==24) hour=0;
 141   3                              }
 142   2                              else if(flag_mode==2)  //如果是分钟调整界面，就将分钟增加
 143   2                              {
 144   3                                      if(++min==60) min=0;
 145   3                              }  
 146   2                              break;
 147   2                      case 3:  //按下S3
 148   2                              if(flag_mode==1) //如果是小时调整界面，就将小时减小
 149   2                              {
 150   3                                      if(--hour==-1) hour=23;
 151   3                              }
 152   2                              else if(flag_mode==2)//如果是分钟调整界面，就将分钟减小
 153   2                              {
 154   3                                      if(--min==-1) min=59;
 155   3                              }
 156   2                              break;
 157   2              }
 158   1              key_old=key_new;         
 159   1      }


MODULE INFORMATION:   STATIC OVERLAYABLE
   CODE SIZE        =    552    ----
   CONSTANT SIZE    =     49    ----
   XDATA SIZE       =   ----    ----
   PDATA SIZE       =   ----    ----
   DATA SIZE        =     32    ----
   IDATA SIZE       =   ----    ----
   BIT SIZE         =      3    ----
END OF MODULE INFORMATION.


C51 COMPILATION COMPLETE.  0 WARNING(S),  0 ERROR(S)
