C51 COMPILER V9.00   KEY                                                                   04/17/2023 23:47:13 PAGE 1   


C51 COMPILER V9.00, COMPILATION OF MODULE KEY
OBJECT MODULE PLACED IN key.OBJ
COMPILER INVOKED BY: G:\Keil\C51\BIN\C51.EXE key.c BROWSE DEBUG OBJECTEXTEND

line level    source

   1          #include<reg51.h>
   2          #include <intrins.h>
   3          
   4          unsigned char key_can()
   5          {
   6   1         unsigned char i,n=0xfe;
   7   1         for(i=0;i<4;i++)
   8   1         {
   9   2              P3=n;
  10   2                      if(P3!=n)
  11   2                              switch(P3)
  12   2                              {
  13   3                                      case 0x7e:return 1;
  14   3                                      case 0x7d:return 2;
  15   3                                      case 0x7b:return 3;
  16   3                              }
  17   2                      n=_crol_(n,1);
  18   2         }
  19   1         return 0x00;
  20   1      }


MODULE INFORMATION:   STATIC OVERLAYABLE
   CODE SIZE        =     61    ----
   CONSTANT SIZE    =   ----    ----
   XDATA SIZE       =   ----    ----
   PDATA SIZE       =   ----    ----
   DATA SIZE        =   ----       2
   IDATA SIZE       =   ----    ----
   BIT SIZE         =   ----    ----
END OF MODULE INFORMATION.


C51 COMPILATION COMPLETE.  0 WARNING(S),  0 ERROR(S)
